This is pdfTeX, Version 3.1415926-2.5-1.40.14 (TeX Live 2013/Debian) (format=pdflatex 2015.1.13)  29 OCT 2015 18:27
entering extended mode
 restricted \write18 enabled.
 %&-line parsing enabled.
**final.tex
(./final.tex
LaTeX2e <2011/06/27>
Babel <3.9h> and hyphenation patterns for 2 languages loaded.
(/usr/share/texlive/texmf-dist/tex/latex/base/article.cls
Document Class: article 2007/10/19 v1.4h Standard LaTeX document class
(/usr/share/texlive/texmf-dist/tex/latex/base/size11.clo
File: size11.clo 2007/10/19 v1.4h Standard LaTeX file (size option)
)
\c@part=\count79
\c@section=\count80
\c@subsection=\count81
\c@subsubsection=\count82
\c@paragraph=\count83
\c@subparagraph=\count84
\c@figure=\count85
\c@table=\count86
\abovecaptionskip=\skip41
\belowcaptionskip=\skip42
\bibindent=\dimen102
)
(/usr/share/texlive/texmf-dist/tex/latex/graphics/graphicx.sty
Package: graphicx 1999/02/16 v1.0f Enhanced LaTeX Graphics (DPC,SPQR)

(/usr/share/texlive/texmf-dist/tex/latex/graphics/keyval.sty
Package: keyval 1999/03/16 v1.13 key=value parser (DPC)
\KV@toks@=\toks14
)
(/usr/share/texlive/texmf-dist/tex/latex/graphics/graphics.sty
Package: graphics 2009/02/05 v1.0o Standard LaTeX Graphics (DPC,SPQR)

(/usr/share/texlive/texmf-dist/tex/latex/graphics/trig.sty
Package: trig 1999/03/16 v1.09 sin cos tan (DPC)
)
(/usr/share/texlive/texmf-dist/tex/latex/latexconfig/graphics.cfg
File: graphics.cfg 2010/04/23 v1.9 graphics configuration of TeX Live
)
Package graphics Info: Driver file: pdftex.def on input line 91.

(/usr/share/texlive/texmf-dist/tex/latex/pdftex-def/pdftex.def
File: pdftex.def 2011/05/27 v0.06d Graphics/color for pdfTeX

(/usr/share/texlive/texmf-dist/tex/generic/oberdiek/infwarerr.sty
Package: infwarerr 2010/04/08 v1.3 Providing info/warning/error messages (HO)
)
(/usr/share/texlive/texmf-dist/tex/generic/oberdiek/ltxcmds.sty
Package: ltxcmds 2011/11/09 v1.22 LaTeX kernel commands for general use (HO)
)
\Gread@gobject=\count87
))
\Gin@req@height=\dimen103
\Gin@req@width=\dimen104
)
(/usr/share/texlive/texmf-dist/tex/latex/caption/subcaption.sty
Package: subcaption 2013/02/03 v1.1-62 Sub-captions (AR)

(/usr/share/texlive/texmf-dist/tex/latex/caption/caption.sty
Package: caption 2013/05/02 v3.3-89 Customizing captions (AR)

(/usr/share/texlive/texmf-dist/tex/latex/caption/caption3.sty
Package: caption3 2013/05/02 v1.6-88 caption3 kernel (AR)
Package caption3 Info: TeX engine: e-TeX on input line 57.
\captionmargin=\dimen105
\captionmargin@=\dimen106
\captionwidth=\dimen107
\caption@tempdima=\dimen108
\caption@indent=\dimen109
\caption@parindent=\dimen110
\caption@hangindent=\dimen111
)
\c@ContinuedFloat=\count88
)
\c@subfigure=\count89
\c@subtable=\count90
)
(/usr/share/texlive/texmf-dist/tex/latex/wrapfig/wrapfig.sty
\wrapoverhang=\dimen112
\WF@size=\dimen113
\c@WF@wrappedlines=\count91
\WF@box=\box26
\WF@everypar=\toks15
Package: wrapfig 2003/01/31  v 3.6
) (./final.aux)
\openout1 = `final.aux'.

LaTeX Font Info:    Checking defaults for OML/cmm/m/it on input line 13.
LaTeX Font Info:    ... okay on input line 13.
LaTeX Font Info:    Checking defaults for T1/cmr/m/n on input line 13.
LaTeX Font Info:    ... okay on input line 13.
LaTeX Font Info:    Checking defaults for OT1/cmr/m/n on input line 13.
LaTeX Font Info:    ... okay on input line 13.
LaTeX Font Info:    Checking defaults for OMS/cmsy/m/n on input line 13.
LaTeX Font Info:    ... okay on input line 13.
LaTeX Font Info:    Checking defaults for OMX/cmex/m/n on input line 13.
LaTeX Font Info:    ... okay on input line 13.
LaTeX Font Info:    Checking defaults for U/cmr/m/n on input line 13.
LaTeX Font Info:    ... okay on input line 13.

(/usr/share/texlive/texmf-dist/tex/context/base/supp-pdf.mkii
[Loading MPS to PDF converter (version 2006.09.02).]
\scratchcounter=\count92
\scratchdimen=\dimen114
\scratchbox=\box27
\nofMPsegments=\count93
\nofMParguments=\count94
\everyMPshowfont=\toks16
\MPscratchCnt=\count95
\MPscratchDim=\dimen115
\MPnumerator=\count96
\makeMPintoPDFobject=\count97
\everyMPtoPDFconversion=\toks17
) (/usr/share/texlive/texmf-dist/tex/generic/oberdiek/pdftexcmds.sty
Package: pdftexcmds 2011/11/29 v0.20 Utility functions of pdfTeX for LuaTeX (HO
)

(/usr/share/texlive/texmf-dist/tex/generic/oberdiek/ifluatex.sty
Package: ifluatex 2010/03/01 v1.3 Provides the ifluatex switch (HO)
Package ifluatex Info: LuaTeX not detected.
)
(/usr/share/texlive/texmf-dist/tex/generic/oberdiek/ifpdf.sty
Package: ifpdf 2011/01/30 v2.3 Provides the ifpdf switch (HO)
Package ifpdf Info: pdfTeX in PDF mode is detected.
)
Package pdftexcmds Info: LuaTeX not detected.
Package pdftexcmds Info: \pdf@primitive is available.
Package pdftexcmds Info: \pdf@ifprimitive is available.
Package pdftexcmds Info: \pdfdraftmode found.
)
(/usr/share/texlive/texmf-dist/tex/latex/oberdiek/epstopdf-base.sty
Package: epstopdf-base 2010/02/09 v2.5 Base part for package epstopdf

(/usr/share/texlive/texmf-dist/tex/latex/oberdiek/grfext.sty
Package: grfext 2010/08/19 v1.1 Manage graphics extensions (HO)

(/usr/share/texlive/texmf-dist/tex/generic/oberdiek/kvdefinekeys.sty
Package: kvdefinekeys 2011/04/07 v1.3 Define keys (HO)
))
(/usr/share/texlive/texmf-dist/tex/latex/oberdiek/kvoptions.sty
Package: kvoptions 2011/06/30 v3.11 Key value format for package options (HO)

(/usr/share/texlive/texmf-dist/tex/generic/oberdiek/kvsetkeys.sty
Package: kvsetkeys 2012/04/25 v1.16 Key value parser (HO)

(/usr/share/texlive/texmf-dist/tex/generic/oberdiek/etexcmds.sty
Package: etexcmds 2011/02/16 v1.5 Avoid name clashes with e-TeX commands (HO)
Package etexcmds Info: Could not find \expanded.
(etexcmds)             That can mean that you are not using pdfTeX 1.50 or
(etexcmds)             that some package has redefined \expanded.
(etexcmds)             In the latter case, load this package earlier.
)))
Package grfext Info: Graphics extension search list:
(grfext)             [.png,.pdf,.jpg,.mps,.jpeg,.jbig2,.jb2,.PNG,.PDF,.JPG,.JPE
G,.JBIG2,.JB2,.eps]
(grfext)             \AppendGraphicsExtensions on input line 452.

(/usr/share/texlive/texmf-dist/tex/latex/latexconfig/epstopdf-sys.cfg
File: epstopdf-sys.cfg 2010/07/13 v1.3 Configuration of (r)epstopdf for TeX Liv
e
))
Package caption Info: Begin \AtBeginDocument code.
Package caption Info: wrapfig package is loaded.
Package caption Info: End \AtBeginDocument code.
LaTeX Font Info:    External font `cmex10' loaded for size
(Font)              <12> on input line 14.
LaTeX Font Info:    External font `cmex10' loaded for size
(Font)              <8> on input line 14.
LaTeX Font Info:    External font `cmex10' loaded for size
(Font)              <6> on input line 14.

Underfull \hbox (badness 10000) in paragraph at lines 16--22

 []

Package epstopdf Info: Source file: <part2hist.eps>
(epstopdf)                    date: 2015-10-29 18:13:33
(epstopdf)                    size: 26706 bytes
(epstopdf)             Output file: <part2hist-eps-converted-to.pdf>
(epstopdf)                    date: 2015-10-29 18:13:33
(epstopdf)                    size: 16366 bytes
(epstopdf)             Command: <repstopdf --outfile=part2hist-eps-converted-to
.pdf part2hist.eps>
(epstopdf)             \includegraphics on input line 25.
Package epstopdf Info: Output file is already uptodate.
<part2hist-eps-converted-to.pdf, id=1, 578.16pt x 433.62pt>
File: part2hist-eps-converted-to.pdf Graphic file (type pdf)

<use part2hist-eps-converted-to.pdf>
Package pdftex.def Info: part2hist-eps-converted-to.pdf used on input line 25.
(pdftex.def)             Requested size: 180.67499pt x 135.5059pt.

Underfull \hbox (badness 10000) in paragraph at lines 32--33

 []

LaTeX Font Info:    External font `cmex10' loaded for size
(Font)              <10.95> on input line 34.
<cumnucpass.png, id=2, 614.295pt x 614.295pt>
File: cumnucpass.png Graphic file (type png)
 <use cumnucpass.png>
Package pdftex.def Info: cumnucpass.png used on input line 35.
(pdftex.def)             Requested size: 172.79846pt x 172.79816pt.

<cumnucfail.png, id=3, 614.295pt x 614.295pt>
File: cumnucfail.png Graphic file (type png)
 <use cumnucfail.png>
Package pdftex.def Info: cumnucfail.png used on input line 37.
(pdftex.def)             Requested size: 172.79846pt x 172.79816pt.

Overfull \hbox (9.59692pt too wide) in paragraph at lines 34--43
[] 
 []

[1

{/var/lib/texmf/fonts/map/pdftex/updmap/pdftex.map} <./part2hist-eps-converted-
to.pdf>]
Package epstopdf Info: Source file: <q4qh.eps>
(epstopdf)                    date: 2015-10-29 18:13:33
(epstopdf)                    size: 29382 bytes
(epstopdf)             Output file: <q4qh-eps-converted-to.pdf>
(epstopdf)                    date: 2015-10-29 18:13:33
(epstopdf)                    size: 71201 bytes
(epstopdf)             Command: <repstopdf --outfile=q4qh-eps-converted-to.pdf 
q4qh.eps>
(epstopdf)             \includegraphics on input line 49.
Package epstopdf Info: Output file is already uptodate.
 <q4qh-eps-converted-to.pdf, id=44, 578.16pt x 433.62pt>
File: q4qh-eps-converted-to.pdf Graphic file (type pdf)

<use q4qh-eps-converted-to.pdf>
Package pdftex.def Info: q4qh-eps-converted-to.pdf used on input line 49.
(pdftex.def)             Requested size: 172.79846pt x 129.59738pt.
Package epstopdf Info: Source file: <q4hh.eps>
(epstopdf)                    date: 2015-10-29 18:13:33
(epstopdf)                    size: 34830 bytes
(epstopdf)             Output file: <q4hh-eps-converted-to.pdf>
(epstopdf)                    date: 2015-10-29 18:13:33
(epstopdf)                    size: 98434 bytes
(epstopdf)             Command: <repstopdf --outfile=q4hh-eps-converted-to.pdf 
q4hh.eps>
(epstopdf)             \includegraphics on input line 50.
Package epstopdf Info: Output file is already uptodate.

<q4hh-eps-converted-to.pdf, id=45, 578.16pt x 433.62pt>
File: q4hh-eps-converted-to.pdf Graphic file (type pdf)

<use q4hh-eps-converted-to.pdf>
Package pdftex.def Info: q4hh-eps-converted-to.pdf used on input line 50.
(pdftex.def)             Requested size: 172.79846pt x 129.59738pt.

Overfull \hbox (5.03026pt too wide) in paragraph at lines 49--51
[][] [] 
 []


Underfull \hbox (badness 10000) in paragraph at lines 58--59

 []

[2 <./cumnucpass.png> <./cumnucfail.png> <./q4qh-eps-converted-to.pdf> <./q4hh-
eps-converted-to.pdf>]
Underfull \hbox (badness 10000) in paragraph at lines 61--62

 []

<1Dpasses.png, id=114, 578.16pt x 433.62pt>
File: 1Dpasses.png Graphic file (type png)
 <use 1Dpasses.png>
Package pdftex.def Info: 1Dpasses.png used on input line 88.
(pdftex.def)             Requested size: 216.81pt x 162.6071pt.

Overfull \hbox (54.8111pt too wide) in paragraph at lines 88--89
[][] 
 []

<1Dfailures.png, id=116, 578.16pt x 433.62pt>
File: 1Dfailures.png Graphic file (type png)
 <use 1Dfailures.png>
Package pdftex.def Info: 1Dfailures.png used on input line 92.
(pdftex.def)             Requested size: 216.81pt x 162.6071pt.

Overfull \hbox (54.8111pt too wide) in paragraph at lines 92--93
[][] 
 []

[3] <2Dpasses.png, id=120, 578.16pt x 433.62pt>
File: 2Dpasses.png Graphic file (type png)
 <use 2Dpasses.png>
Package pdftex.def Info: 2Dpasses.png used on input line 104.
(pdftex.def)             Requested size: 216.81pt x 162.6071pt.

Overfull \hbox (54.8111pt too wide) in paragraph at lines 104--105
[][] 
 []

<2Dfailures.png, id=121, 578.16pt x 433.62pt>
File: 2Dfailures.png Graphic file (type png)
 <use 2Dfailures.png>
Package pdftex.def Info: 2Dfailures.png used on input line 108.
(pdftex.def)             Requested size: 216.81pt x 162.6071pt.

Overfull \hbox (54.8111pt too wide) in paragraph at lines 108--109
[][] 
 []

<histallpass.png, id=122, 614.295pt x 614.295pt>
File: histallpass.png Graphic file (type png)
 <use histallpass.png>
Package pdftex.def Info: histallpass.png used on input line 120.
(pdftex.def)             Requested size: 216.81pt x 216.80615pt.

Overfull \hbox (54.8111pt too wide) in paragraph at lines 120--121
[][] 
 []

<histallfail.png, id=123, 614.295pt x 614.295pt>
File: histallfail.png Graphic file (type png)
 <use histallfail.png>
Package pdftex.def Info: histallfail.png used on input line 124.
(pdftex.def)             Requested size: 216.81pt x 216.80615pt.

Overfull \hbox (54.8111pt too wide) in paragraph at lines 124--125
[][] 
 []

[4 <./1Dpasses.png> <./1Dfailures.png> <./2Dpasses.png> <./2Dfailures.png>]
Overfull \hbox (295.28519pt too wide) in paragraph at lines 130--133
\OT1/cmr/m/n/10.95 From file: /home/cheyenne/Documents/hackathon1/alldata/downl
oads/pass/MINION02[]4teamawesome[]2446[]1[]ch312[]file44[]strand.fast5 
 []


Underfull \hbox (badness 10000) in paragraph at lines 130--133

 []


Overfull \hbox (295.28519pt too wide) in paragraph at lines 134--137
\OT1/cmr/m/n/10.95 From file: /home/cheyenne/Documents/hackathon1/alldata/downl
oads/pass/MINION02[]4teamawesome[]2446[]1[]ch312[]file44[]strand.fast5 
 []


Underfull \hbox (badness 10000) in paragraph at lines 134--137

 []


Overfull \hbox (295.28519pt too wide) in paragraph at lines 138--141
\OT1/cmr/m/n/10.95 From file: /home/cheyenne/Documents/hackathon1/alldata/downl
oads/pass/MINION02[]4teamawesome[]2446[]1[]ch312[]file44[]strand.fast5 
 []


Underfull \hbox (badness 10000) in paragraph at lines 138--141

 []

<q8.png, id=131, 578.16pt x 433.62pt>
File: q8.png Graphic file (type png)
 <use q8.png>
Package pdftex.def Info: q8.png used on input line 142.
(pdftex.def)             Requested size: 360.0pt x 269.99951pt.
 [5 <./histallpass.png> <./histallfail.png>] <q9.png, id=137, 578.16pt x 433.62
pt>
File: q9.png Graphic file (type png)
 <use q9.png>
Package pdftex.def Info: q9.png used on input line 144.
(pdftex.def)             Requested size: 360.0pt x 269.99951pt.
 [6 <./q8.png>]
Underfull \hbox (badness 10000) in paragraph at lines 146--158

 []

[7 <./q9.png>]
Package epstopdf Info: Source file: <part11scatterbd.eps>
(epstopdf)                    date: 2015-10-29 18:13:33
(epstopdf)                    size: 60168 bytes
(epstopdf)             Output file: <part11scatterbd-eps-converted-to.pdf>
(epstopdf)                    date: 2015-10-29 18:13:33
(epstopdf)                    size: 326777 bytes
(epstopdf)             Command: <repstopdf --outfile=part11scatterbd-eps-conver
ted-to.pdf part11scatterbd.eps>
(epstopdf)             \includegraphics on input line 165.
Package epstopdf Info: Output file is already uptodate.

<part11scatterbd-eps-converted-to.pdf, id=147, 578.16pt x 433.62pt>
File: part11scatterbd-eps-converted-to.pdf Graphic file (type pdf)

<use part11scatterbd-eps-converted-to.pdf>
Package pdftex.def Info: part11scatterbd-eps-converted-to.pdf used on input lin
e 165.
(pdftex.def)             Requested size: 216.81pt x 162.6071pt.
Package epstopdf Info: Source file: <part11scatter0mer.eps>
(epstopdf)                    date: 2015-10-29 18:13:33
(epstopdf)                    size: 280024 bytes
(epstopdf)             Output file: <part11scatter0mer-eps-converted-to.pdf>
(epstopdf)                    date: 2015-10-29 18:13:33
(epstopdf)                    size: 326874 bytes
(epstopdf)             Command: <repstopdf --outfile=part11scatter0mer-eps-conv
erted-to.pdf part11scatter0mer.eps>
(epstopdf)             \includegraphics on input line 172.
Package epstopdf Info: Output file is already uptodate.

<part11scatter0mer-eps-converted-to.pdf, id=148, 578.16pt x 433.62pt>
File: part11scatter0mer-eps-converted-to.pdf Graphic file (type pdf)

<use part11scatter0mer-eps-converted-to.pdf>
Package pdftex.def Info: part11scatter0mer-eps-converted-to.pdf used on input l
ine 172.
(pdftex.def)             Requested size: 289.07999pt x 216.80946pt.
 [8 <./part11scatterbd-eps-converted-to.pdf>]
Package epstopdf Info: Source file: <part11scatter1mer.eps>
(epstopdf)                    date: 2015-10-29 18:13:33
(epstopdf)                    size: 280018 bytes
(epstopdf)             Output file: <part11scatter1mer-eps-converted-to.pdf>
(epstopdf)                    date: 2015-10-29 18:13:33
(epstopdf)                    size: 327316 bytes
(epstopdf)             Command: <repstopdf --outfile=part11scatter1mer-eps-conv
erted-to.pdf part11scatter1mer.eps>
(epstopdf)             \includegraphics on input line 187.
Package epstopdf Info: Output file is already uptodate.

<part11scatter1mer-eps-converted-to.pdf, id=183, 578.16pt x 433.62pt>
File: part11scatter1mer-eps-converted-to.pdf Graphic file (type pdf)

<use part11scatter1mer-eps-converted-to.pdf>
Package pdftex.def Info: part11scatter1mer-eps-converted-to.pdf used on input l
ine 187.
(pdftex.def)             Requested size: 289.07999pt x 216.80946pt.
 [9 <./part11scatter0mer-eps-converted-to.pdf> <./part11scatter1mer-eps-convert
ed-to.pdf>]
Package epstopdf Info: Source file: <part11hist2.eps>
(epstopdf)                    date: 2015-10-29 18:13:33
(epstopdf)                    size: 22790 bytes
(epstopdf)             Output file: <part11hist2-eps-converted-to.pdf>
(epstopdf)                    date: 2015-10-29 18:13:33
(epstopdf)                    size: 15596 bytes
(epstopdf)             Command: <repstopdf --outfile=part11hist2-eps-converted-
to.pdf part11hist2.eps>
(epstopdf)             \includegraphics on input line 196.
Package epstopdf Info: Output file is already uptodate.

<part11hist2-eps-converted-to.pdf, id=241, 578.16pt x 433.62pt>
File: part11hist2-eps-converted-to.pdf Graphic file (type pdf)

<use part11hist2-eps-converted-to.pdf>
Package pdftex.def Info: part11hist2-eps-converted-to.pdf used on input line 19
6.
(pdftex.def)             Requested size: 216.81pt x 162.6071pt.
Package epstopdf Info: Source file: <part11scatter2mer.eps>
(epstopdf)                    date: 2015-10-29 18:13:33
(epstopdf)                    size: 280049 bytes
(epstopdf)             Output file: <part11scatter2mer-eps-converted-to.pdf>
(epstopdf)                    date: 2015-10-29 18:13:33
(epstopdf)                    size: 328134 bytes
(epstopdf)             Command: <repstopdf --outfile=part11scatter2mer-eps-conv
erted-to.pdf part11scatter2mer.eps>
(epstopdf)             \includegraphics on input line 197.
Package epstopdf Info: Output file is already uptodate.

<part11scatter2mer-eps-converted-to.pdf, id=242, 578.16pt x 433.62pt>
File: part11scatter2mer-eps-converted-to.pdf Graphic file (type pdf)

<use part11scatter2mer-eps-converted-to.pdf>
Package pdftex.def Info: part11scatter2mer-eps-converted-to.pdf used on input l
ine 197.
(pdftex.def)             Requested size: 289.07999pt x 216.80946pt.
Package epstopdf Info: Source file: <part11hist3.eps>
(epstopdf)                    date: 2015-10-29 18:13:33
(epstopdf)                    size: 23306 bytes
(epstopdf)             Output file: <part11hist3-eps-converted-to.pdf>
(epstopdf)                    date: 2015-10-29 18:13:33
(epstopdf)                    size: 15133 bytes
(epstopdf)             Command: <repstopdf --outfile=part11hist3-eps-converted-
to.pdf part11hist3.eps>
(epstopdf)             \includegraphics on input line 206.
Package epstopdf Info: Output file is already uptodate.

<part11hist3-eps-converted-to.pdf, id=243, 578.16pt x 433.62pt>
File: part11hist3-eps-converted-to.pdf Graphic file (type pdf)

<use part11hist3-eps-converted-to.pdf>
Package pdftex.def Info: part11hist3-eps-converted-to.pdf used on input line 20
6.
(pdftex.def)             Requested size: 216.81pt x 162.6071pt.
Package epstopdf Info: Source file: <part11scatter3mer.eps>
(epstopdf)                    date: 2015-10-29 18:13:33
(epstopdf)                    size: 280027 bytes
(epstopdf)             Output file: <part11scatter3mer-eps-converted-to.pdf>
(epstopdf)                    date: 2015-10-29 18:13:33
(epstopdf)                    size: 327980 bytes
(epstopdf)             Command: <repstopdf --outfile=part11scatter3mer-eps-conv
erted-to.pdf part11scatter3mer.eps>
(epstopdf)             \includegraphics on input line 207.
Package epstopdf Info: Output file is already uptodate.

<part11scatter3mer-eps-converted-to.pdf, id=244, 578.16pt x 433.62pt>
File: part11scatter3mer-eps-converted-to.pdf Graphic file (type pdf)

<use part11scatter3mer-eps-converted-to.pdf>
Package pdftex.def Info: part11scatter3mer-eps-converted-to.pdf used on input l
ine 207.
(pdftex.def)             Requested size: 289.07999pt x 216.80946pt.
 [10 <./part11hist2-eps-converted-to.pdf> <./part11scatter2mer-eps-converted-to
.pdf>]
Package epstopdf Info: Source file: <part11hist4.eps>
(epstopdf)                    date: 2015-10-29 18:13:33
(epstopdf)                    size: 30063 bytes
(epstopdf)             Output file: <part11hist4-eps-converted-to.pdf>
(epstopdf)                    date: 2015-10-29 18:13:33
(epstopdf)                    size: 14635 bytes
(epstopdf)             Command: <repstopdf --outfile=part11hist4-eps-converted-
to.pdf part11hist4.eps>
(epstopdf)             \includegraphics on input line 216.
Package epstopdf Info: Output file is already uptodate.

<part11hist4-eps-converted-to.pdf, id=305, 578.16pt x 433.62pt>
File: part11hist4-eps-converted-to.pdf Graphic file (type pdf)

<use part11hist4-eps-converted-to.pdf>
Package pdftex.def Info: part11hist4-eps-converted-to.pdf used on input line 21
6.
(pdftex.def)             Requested size: 216.81pt x 162.6071pt.
Package epstopdf Info: Source file: <part11scatter4mer.eps>
(epstopdf)                    date: 2015-10-29 18:13:33
(epstopdf)                    size: 280025 bytes
(epstopdf)             Output file: <part11scatter4mer-eps-converted-to.pdf>
(epstopdf)                    date: 2015-10-29 18:13:33
(epstopdf)                    size: 328262 bytes
(epstopdf)             Command: <repstopdf --outfile=part11scatter4mer-eps-conv
erted-to.pdf part11scatter4mer.eps>
(epstopdf)             \includegraphics on input line 217.
Package epstopdf Info: Output file is already uptodate.

<part11scatter4mer-eps-converted-to.pdf, id=306, 578.16pt x 433.62pt>
File: part11scatter4mer-eps-converted-to.pdf Graphic file (type pdf)

<use part11scatter4mer-eps-converted-to.pdf>
Package pdftex.def Info: part11scatter4mer-eps-converted-to.pdf used on input l
ine 217.
(pdftex.def)             Requested size: 289.07999pt x 216.80946pt.
 [11 <./part11hist3-eps-converted-to.pdf> <./part11scatter3mer-eps-converted-to
.pdf>]
Package epstopdf Info: Source file: <part11hist5.eps>
(epstopdf)                    date: 2015-10-29 18:13:33
(epstopdf)                    size: 61836 bytes
(epstopdf)             Output file: <part11hist5-eps-converted-to.pdf>
(epstopdf)                    date: 2015-10-29 18:13:33
(epstopdf)                    size: 16021 bytes
(epstopdf)             Command: <repstopdf --outfile=part11hist5-eps-converted-
to.pdf part11hist5.eps>
(epstopdf)             \includegraphics on input line 226.
Package epstopdf Info: Output file is already uptodate.

<part11hist5-eps-converted-to.pdf, id=367, 578.16pt x 433.62pt>
File: part11hist5-eps-converted-to.pdf Graphic file (type pdf)

<use part11hist5-eps-converted-to.pdf>
Package pdftex.def Info: part11hist5-eps-converted-to.pdf used on input line 22
6.
(pdftex.def)             Requested size: 216.81pt x 162.6071pt.
Package epstopdf Info: Source file: <part11scatter5mer.eps>
(epstopdf)                    date: 2015-10-29 18:13:33
(epstopdf)                    size: 280038 bytes
(epstopdf)             Output file: <part11scatter5mer-eps-converted-to.pdf>
(epstopdf)                    date: 2015-10-29 18:13:33
(epstopdf)                    size: 327603 bytes
(epstopdf)             Command: <repstopdf --outfile=part11scatter5mer-eps-conv
erted-to.pdf part11scatter5mer.eps>
(epstopdf)             \includegraphics on input line 227.
Package epstopdf Info: Output file is already uptodate.

<part11scatter5mer-eps-converted-to.pdf, id=368, 578.16pt x 433.62pt>
File: part11scatter5mer-eps-converted-to.pdf Graphic file (type pdf)

<use part11scatter5mer-eps-converted-to.pdf>
Package pdftex.def Info: part11scatter5mer-eps-converted-to.pdf used on input l
ine 227.
(pdftex.def)             Requested size: 289.07999pt x 216.80946pt.
 [12 <./part11hist4-eps-converted-to.pdf> <./part11scatter4mer-eps-converted-to
.pdf>] [13 <./part11hist5-eps-converted-to.pdf> <./part11scatter5mer-eps-conver
ted-to.pdf>] (./final.aux) ) 
Here is how much of TeX's memory you used:
 2780 strings out of 495028
 45046 string characters out of 6181497
 97075 words of memory out of 5000000
 5952 multiletter control sequences out of 15000+600000
 8503 words of font info for 30 fonts, out of 8000000 for 9000
 14 hyphenation exceptions out of 8191
 42i,10n,40p,265b,424s stack positions out of 5000i,500n,10000p,200000b,80000s
</usr/share/texlive/texmf-dist/fonts/type1/public/a
msfonts/cm/cmbx12.pfb></usr/share/texlive/texmf-dist/fonts/type1/public/amsfont
s/cm/cmmi10.pfb></usr/share/texlive/texmf-dist/fonts/type1/public/amsfonts/cm/c
mr10.pfb></usr/share/texlive/texmf-dist/fonts/type1/public/amsfonts/cm/cmr12.pf
b></usr/share/texlive/texmf-dist/fonts/type1/public/amsfonts/cm/cmr17.pfb></usr
/share/texlive/texmf-dist/fonts/type1/public/amsfonts/cm/cmr8.pfb>
Output written on final.pdf (13 pages, 2974230 bytes).
PDF statistics:
 505 PDF objects out of 1000 (max. 8388607)
 106 compressed objects within 2 object streams
 0 named destinations out of 1000 (max. 500000)
 121 words of extra memory for PDF output out of 10000 (max. 10000000)

